0 info it worked if it ends with ok
1 verbose cli [ 'C:\\Program Files\\nodejs\\node.exe',
1 verbose cli   'C:\\Users\\Brajesh\\AppData\\Roaming\\npm\\node_modules\\npm\\bin\\npm-cli.js',
1 verbose cli   'start' ]
2 info using npm@3.10.8
3 info using node@v8.11.2
4 verbose run-script [ 'prestart', 'start', 'poststart' ]
5 info lifecycle dynamic-form@0.0.0~prestart: dynamic-form@0.0.0
6 silly lifecycle dynamic-form@0.0.0~prestart: no script for prestart, continuing
7 info lifecycle dynamic-form@0.0.0~start: dynamic-form@0.0.0
8 verbose lifecycle dynamic-form@0.0.0~start: unsafe-perm in lifecycle true
9 verbose lifecycle dynamic-form@0.0.0~start: PATH: C:\Users\Brajesh\AppData\Roaming\npm\node_modules\npm\bin\node-gyp-bin;D:\My R&D\Angular workspace\dynamicform\node_modules\.bin;C:\Program Files\Python37\Scripts\;C:\Program Files\Python37\;C:\Program Files (x86)\Common Files\Oracle\Java\javapath;C:\ProgramData\Oracle\Java\javapath;C:\WINDOWS\system32;C:\WINDOWS;C:\WINDOWS\System32\Wbem;C:\WINDOWS\System32\WindowsPowerShell\v1.0\;C:\Users\Brajesh\AppData\Roaming\npm\node_modules\webpack;C:\Users\Brajesh\AppData\Roaming\npm\node_modules\webpack-dev-server;C:\Program Files\CloudFoundry;C:\android\tools;C:\android\platform-tools;C:\Program Files\MongoDB\Server\3.2\bin;C:\Program Files\Microsoft SQL Server\Client SDK\ODBC\110\Tools\Binn\;C:\Program Files (x86)\Microsoft SQL Server\120\Tools\Binn\;C:\Program Files\Microsoft SQL Server\120\Tools\Binn\;C:\Program Files\Microsoft SQL Server\120\DTS\Binn\;C:\Program Files (x86)\Microsoft SQL Server\120\Tools\Binn\ManagementStudio\;C:\Program Files (x86)\Microsoft SQL Server\120\DTS\Binn\;C:\gradle\gradle-4.6\bin;C:\WINDOWS\System32\OpenSSH\;C:\Program Files\Amazon\AWSCLI\;C:\Program Files\nodejs\;C:\Program Files (x86)\Microsoft VS Code\bin;C:\Users\Brajesh\AppData\Local\Programs\Python\Python37-32;C:\Users\Brajesh\AppData\Local\Programs\Python\Python37-32\Scripts;C:\Program Files\TortoiseGit\bin;C:\Program Files\Git\cmd;C:\Program Files (x86)\Common Files\Oracle\Java\javapath;C:\ProgramData\Oracle\Java\javapath;C:\WINDOWS\system32;C:\WINDOWS;C:\WINDOWS\System32\Wbem;C:\WINDOWS\System32\WindowsPowerShell\v1.0\;C:\Program Files\Git\cmd;C:\Users\Brajesh\AppData\Roaming\npm\node_modules\webpack;C:\Users\Brajesh\AppData\Roaming\npm\node_modules\webpack-dev-server;C:\Program Files\CloudFoundry;C:\android\tools;C:\android\platform-tools;C:\Program Files\MongoDB\Server\3.2\bin;C:\Program Files\Microsoft SQL Server\Client SDK\ODBC\110\Tools\Binn\;C:\Program Files (x86)\Microsoft SQL Server\120\Tools\Binn\;C:\Program Files\Microsoft SQL Server\120\Tools\Binn\;C:\Program Files\Microsoft SQL Server\120\DTS\Binn\;C:\Program Files (x86)\Microsoft SQL Server\120\Tools\Binn\ManagementStudio\;C:\Program Files (x86)\Microsoft SQL Server\120\DTS\Binn\;C:\gradle\gradle-4.6\bin;;C:\WINDOWS\System32\OpenSSH\;C:\Program Files\Amazon\AWSCLI\;C:\Program Files\nodejs\;C:\Program Files (x86)\Microsoft VS Code\bin;C:\Users\Brajesh\.dnx\bin;C:\Users\Bra
10 verbose lifecycle dynamic-form@0.0.0~start: CWD: D:\My R&D\Angular workspace\dynamicform
11 silly lifecycle dynamic-form@0.0.0~start: Args: [ '/d /s /c', 'ng serve' ]
12 verbose stack Error: kill ENOSYS
12 verbose stack     at Object._errnoException (util.js:992:11)
12 verbose stack     at process.kill (internal/process.js:183:18)
12 verbose stack     at process.listener (C:\Users\Brajesh\AppData\Roaming\npm\node_modules\npm\node_modules\npmlog\node_modules\gauge\node_modules\signal-exit\index.js:86:15)
12 verbose stack     at emitNone (events.js:111:20)
12 verbose stack     at process.emit (events.js:208:7)
12 verbose stack     at processEmit (C:\Users\Brajesh\AppData\Roaming\npm\node_modules\npm\node_modules\npmlog\node_modules\gauge\node_modules\signal-exit\index.js:146:32)
12 verbose stack     at processEmit (C:\Users\Brajesh\AppData\Roaming\npm\node_modules\npm\node_modules\npm-registry-client\node_modules\npmlog\node_modules\gauge\node_modules\signal-exit\index.js:146:32)
12 verbose stack     at Signal.wrap.onsignal (internal/process.js:208:44)
13 verbose cwd D:\My R&D\Angular workspace\dynamicform
14 error Windows_NT 10.0.17134
15 error argv "C:\\Program Files\\nodejs\\node.exe" "C:\\Users\\Brajesh\\AppData\\Roaming\\npm\\node_modules\\npm\\bin\\npm-cli.js" "start"
16 error node v8.11.2
17 error npm  v3.10.8
18 error code ENOSYS
19 error errno ENOSYS
20 error syscall kill
21 error kill ENOSYS
22 error If you need help, you may report this error at:
22 error     <https://github.com/npm/npm/issues>
23 verbose exit [ 1, true ]
